{"timestamp": 1782069655, "username": "System", "deviceID": "System", "fingerprint": "System", "action": "MTLS_STARTUP", "outcome": "SUCCESS", "endpoint": "", "metadata": {}}
{"timestamp": 1782069686, "username": "System", "deviceID": "System", "fingerprint": "System", "action": "LOAD_DATA", "outcome": "SUCCESS", "endpoint": "", "metadata": {"note":"Loaded devices.json"}}
{"timestamp": 1782069686, "username": "admin", "deviceID": "", "fingerprint": "SHA256:47:b0:cf:22:0a:16:b3:41:c7:a6:49:ee:e6:eb:31:41:c1:20:7d:66:a1:36:ac:88:73:92:f2:05:86:93:9b:58", "action": "NAVIGATE_ENDPOINT", "outcome": "SUCCESS", "endpoint": "/login", "metadata": {"requestMethod":"GET","requestURL":"/login","userAgent":"Mozilla/5.0 (X11; Linux x86_64; rv:150.0) Gecko/20100101 Firefox/150.0"}}
{"timestamp": 1782069690, "username": "System", "deviceID": "System", "fingerprint": "System", "action": "LOAD_DATA", "outcome": "SUCCESS", "endpoint": "", "metadata": {"note":"Loaded devices.json"}}
{"timestamp": 1782069690, "username": "admin", "deviceID": "", "fingerprint": "SHA256:47:b0:cf:22:0a:16:b3:41:c7:a6:49:ee:e6:eb:31:41:c1:20:7d:66:a1:36:ac:88:73:92:f2:05:86:93:9b:58", "action": "NAVIGATE_ENDPOINT", "outcome": "SUCCESS", "endpoint": "/login", "metadata": {"requestMethod":"POST","requestURL":"/login","userAgent":"Mozilla/5.0 (X11; Linux x86_64; rv:150.0) Gecko/20100101 Firefox/150.0"}}
{"timestamp": 1782069690, "username": "System", "deviceID": "System", "fingerprint": "System", "action": "LOAD_DATA", "outcome": "SUCCESS", "endpoint": "", "metadata": {"note":"Loaded rateLimits.json"}}
{"timestamp": 1782069690, "username": "System", "deviceID": "System", "fingerprint": "System", "action": "LOAD_DATA", "outcome": "SUCCESS", "endpoint": "", "metadata": {"note":"Loaded users.json"}}
{"timestamp": 1782069690, "username": "System", "deviceID": "System", "fingerprint": "System", "action": "LOAD_DATA", "outcome": "SUCCESS", "endpoint": "", "metadata": {"note":"Loaded devices.json"}}
{"timestamp": 1782069690, "username": "System", "deviceID": "System", "fingerprint": "System", "action": "LOAD_DATA", "outcome": "SUCCESS", "endpoint": "", "metadata": {"note":"Loaded devices.json"}}
{"timestamp": 1782069690, "username": "System", "deviceID": "System", "fingerprint": "System", "action": "LOAD_DATA", "outcome": "SUCCESS", "endpoint": "", "metadata": {"note":"Loaded rateLimits.json"}}
{"timestamp": 1782069690, "username": "System", "deviceID": "System", "fingerprint": "System", "action": "SAVE_DATA", "outcome": "SUCCESS", "endpoint": "", "metadata": {"note":"Saving rate limits"}}
{"timestamp": 1782069690, "username": "admin", "deviceID": "", "fingerprint": "SHA256:47:b0:cf:22:0a:16:b3:41:c7:a6:49:ee:e6:eb:31:41:c1:20:7d:66:a1:36:ac:88:73:92:f2:05:86:93:9b:58", "action": "CREATE_SESSION", "outcome": "SUCCESS", "endpoint": "/login", "metadata": {}}
{"timestamp": 1782069690, "username": "System", "deviceID": "System", "fingerprint": "System", "action": "LOAD_DATA", "outcome": "SUCCESS", "endpoint": "", "metadata": {"note":"Loaded sessions.json"}}
{"timestamp": 1782069690, "username": "System", "deviceID": "System", "fingerprint": "System", "action": "SAVE_DATA", "outcome": "SUCCESS", "endpoint": "", "metadata": {"note":"Saving sessions"}}
{"timestamp": 1782069690, "username": "admin", "deviceID": "", "fingerprint": "SHA256:47:b0:cf:22:0a:16:b3:41:c7:a6:49:ee:e6:eb:31:41:c1:20:7d:66:a1:36:ac:88:73:92:f2:05:86:93:9b:58", "action": "CREATE_COOKIE", "outcome": "SUCCESS", "endpoint": "/login", "metadata": {"requestMethod":"POST","requestURL":"/login","userAgent":"Mozilla/5.0 (X11; Linux x86_64; rv:150.0) Gecko/20100101 Firefox/150.0"}}
{"timestamp": 1782069690, "username": "admin", "deviceID": "", "fingerprint": "SHA256:47:b0:cf:22:0a:16:b3:41:c7:a6:49:ee:e6:eb:31:41:c1:20:7d:66:a1:36:ac:88:73:92:f2:05:86:93:9b:58", "action": "SUBMIT_LOGIN", "outcome": "SUCCESS", "endpoint": "/login", "metadata": {"requestMethod":"POST","requestURL":"/login","userAgent":"Mozilla/5.0 (X11; Linux x86_64; rv:150.0) Gecko/20100101 Firefox/150.0"}}
{"timestamp": 1782069690, "username": "System", "deviceID": "System", "fingerprint": "System", "action": "LOAD_DATA", "outcome": "SUCCESS", "endpoint": "", "metadata": {"note":"Loaded sessions.json"}}
{"timestamp": 1782069690, "username": "System", "deviceID": "System", "fingerprint": "System", "action": "SAVE_DATA", "outcome": "SUCCESS", "endpoint": "", "metadata": {"note":"Saving sessions"}}
{"timestamp": 1782069690, "username": "System", "deviceID": "System", "fingerprint": "System", "action": "LOAD_DATA", "outcome": "SUCCESS", "endpoint": "", "metadata": {"note":"Loaded sessions.json"}}
{"timestamp": 1782069690, "username": "System", "deviceID": "System", "fingerprint": "System", "action": "LOAD_DATA", "outcome": "SUCCESS", "endpoint": "", "metadata": {"note":"Loaded devices.json"}}
{"timestamp": 1782069690, "username": "System", "deviceID": "System", "fingerprint": "System", "action": "LOAD_DATA", "outcome": "SUCCESS", "endpoint": "", "metadata": {"note":"Loaded devices.json"}}
{"timestamp": 1782069690, "username": "System", "deviceID": "System", "fingerprint": "System", "action": "SAVE_DATA", "outcome": "SUCCESS", "endpoint": "", "metadata": {"note":"Saving devices"}}
{"timestamp": 1782069690, "username": "System", "deviceID": "System", "fingerprint": "System", "action": "LOAD_DATA", "outcome": "SUCCESS", "endpoint": "", "metadata": {"note":"Loaded devices.json"}}
{"timestamp": 1782069690, "username": "System", "deviceID": "System", "fingerprint": "System", "action": "LOAD_DATA", "outcome": "SUCCESS", "endpoint": "", "metadata": {"note":"Loaded users.json"}}
{"timestamp": 1782069690, "username": "System", "deviceID": "System", "fingerprint": "System", "action": "LOAD_DATA", "outcome": "SUCCESS", "endpoint": "", "metadata": {"note":"Loaded devices.json"}}
{"timestamp": 1782069690, "username": "admin", "deviceID": "", "fingerprint": "SHA256:47:b0:cf:22:0a:16:b3:41:c7:a6:49:ee:e6:eb:31:41:c1:20:7d:66:a1:36:ac:88:73:92:f2:05:86:93:9b:58", "action": "NAVIGATE_ENDPOINT", "outcome": "SUCCESS", "endpoint": "/admin/dashboard", "metadata": {"requestMethod":"GET","requestURL":"/admin/dashboard","userAgent":"Mozilla/5.0 (X11; Linux x86_64; rv:150.0) Gecko/20100101 Firefox/150.0"}}
{"timestamp": 1782069690, "username": "System", "deviceID": "System", "fingerprint": "System", "action": "LOAD_DATA", "outcome": "SUCCESS", "endpoint": "", "metadata": {"note":"Loaded sessions.json"}}
{"timestamp": 1782069690, "username": "System", "deviceID": "System", "fingerprint": "System", "action": "SAVE_DATA", "outcome": "SUCCESS", "endpoint": "", "metadata": {"note":"Saving sessions"}}
{"timestamp": 1782069690, "username": "System", "deviceID": "System", "fingerprint": "System", "action": "LOAD_DATA", "outcome": "SUCCESS", "endpoint": "", "metadata": {"note":"Loaded sessions.json"}}
{"timestamp": 1782069690, "username": "System", "deviceID": "System", "fingerprint": "System", "action": "LOAD_DATA", "outcome": "SUCCESS", "endpoint": "", "metadata": {"note":"Loaded devices.json"}}
{"timestamp": 1782069690, "username": "System", "deviceID": "System", "fingerprint": "System", "action": "LOAD_DATA", "outcome": "SUCCESS", "endpoint": "", "metadata": {"note":"Loaded devices.json"}}
{"timestamp": 1782069690, "username": "System", "deviceID": "System", "fingerprint": "System", "action": "SAVE_DATA", "outcome": "SUCCESS", "endpoint": "", "metadata": {"note":"Saving devices"}}
{"timestamp": 1782069690, "username": "System", "deviceID": "System", "fingerprint": "System", "action": "LOAD_DATA", "outcome": "SUCCESS", "endpoint": "", "metadata": {"note":"Loaded devices.json"}}
{"timestamp": 1782069690, "username": "System", "deviceID": "System", "fingerprint": "System", "action": "LOAD_DATA", "outcome": "SUCCESS", "endpoint": "", "metadata": {"note":"Loaded users.json"}}
{"timestamp": 1782069690, "username": "System", "deviceID": "System", "fingerprint": "System", "action": "LOAD_DATA", "outcome": "SUCCESS", "endpoint": "", "metadata": {"note":"Loaded devices.json"}}
{"timestamp": 1782069693, "username": "System", "deviceID": "System", "fingerprint": "System", "action": "LOAD_DATA", "outcome": "SUCCESS", "endpoint": "", "metadata": {"note":"Loaded sessions.json"}}
{"timestamp": 1782069693, "username": "System", "deviceID": "System", "fingerprint": "System", "action": "SAVE_DATA", "outcome": "SUCCESS", "endpoint": "", "metadata": {"note":"Saving sessions"}}
{"timestamp": 1782069693, "username": "System", "deviceID": "System", "fingerprint": "System", "action": "LOAD_DATA", "outcome": "SUCCESS", "endpoint": "", "metadata": {"note":"Loaded sessions.json"}}
{"timestamp": 1782069693, "username": "System", "deviceID": "System", "fingerprint": "System", "action": "LOAD_DATA", "outcome": "SUCCESS", "endpoint": "", "metadata": {"note":"Loaded devices.json"}}
{"timestamp": 1782069693, "username": "System", "deviceID": "System", "fingerprint": "System", "action": "LOAD_DATA", "outcome": "SUCCESS", "endpoint": "", "metadata": {"note":"Loaded devices.json"}}
{"timestamp": 1782069693, "username": "System", "deviceID": "System", "fingerprint": "System", "action": "SAVE_DATA", "outcome": "SUCCESS", "endpoint": "", "metadata": {"note":"Saving devices"}}
{"timestamp": 1782069693, "username": "System", "deviceID": "System", "fingerprint": "System", "action": "LOAD_DATA", "outcome": "SUCCESS", "endpoint": "", "metadata": {"note":"Loaded devices.json"}}
{"timestamp": 1782069693, "username": "System", "deviceID": "System", "fingerprint": "System", "action": "LOAD_DATA", "outcome": "SUCCESS", "endpoint": "", "metadata": {"note":"Loaded users.json"}}
{"timestamp": 1782069693, "username": "System", "deviceID": "System", "fingerprint": "System", "action": "LOAD_DATA", "outcome": "SUCCESS", "endpoint": "", "metadata": {"note":"Loaded sessions.json"}}
{"timestamp": 1782069693, "username": "System", "deviceID": "System", "fingerprint": "System", "action": "SAVE_DATA", "outcome": "SUCCESS", "endpoint": "", "metadata": {"note":"Saving sessions"}}
{"timestamp": 1782069693, "username": "System", "deviceID": "System", "fingerprint": "System", "action": "LOAD_DATA", "outcome": "SUCCESS", "endpoint": "", "metadata": {"note":"Loaded sessions.json"}}
{"timestamp": 1782069693, "username": "System", "deviceID": "System", "fingerprint": "System", "action": "LOAD_DATA", "outcome": "SUCCESS", "endpoint": "", "metadata": {"note":"Loaded devices.json"}}
{"timestamp": 1782069693, "username": "System", "deviceID": "System", "fingerprint": "System", "action": "LOAD_DATA", "outcome": "SUCCESS", "endpoint": "", "metadata": {"note":"Loaded devices.json"}}
{"timestamp": 1782069693, "username": "System", "deviceID": "System", "fingerprint": "System", "action": "SAVE_DATA", "outcome": "SUCCESS", "endpoint": "", "metadata": {"note":"Saving devices"}}
{"timestamp": 1782069693, "username": "System", "deviceID": "System", "fingerprint": "System", "action": "LOAD_DATA", "outcome": "SUCCESS", "endpoint": "", "metadata": {"note":"Loaded sessions.json"}}
{"timestamp": 1782069693, "username": "System", "deviceID": "System", "fingerprint": "System", "action": "LOAD_DATA", "outcome": "SUCCESS", "endpoint": "", "metadata": {"note":"Loaded devices.json"}}
{"timestamp": 1782069693, "username": "System", "deviceID": "System", "fingerprint": "System", "action": "SAVE_DATA", "outcome": "SUCCESS", "endpoint": "", "metadata": {"note":"Saving sessions"}}
{"timestamp": 1782069693, "username": "System", "deviceID": "System", "fingerprint": "System", "action": "LOAD_DATA", "outcome": "SUCCESS", "endpoint": "", "metadata": {"note":"Loaded users.json"}}
{"timestamp": 1782069693, "username": "System", "deviceID": "System", "fingerprint": "System", "action": "LOAD_DATA", "outcome": "SUCCESS", "endpoint": "", "metadata": {"note":"Loaded pending.json"}}
{"timestamp": 1782069693, "username": "System", "deviceID": "System", "fingerprint": "System", "action": "LOAD_DATA", "outcome": "SUCCESS", "endpoint": "", "metadata": {"note":"Loaded sessions.json"}}
{"timestamp": 1782069693, "username": "System", "deviceID": "System", "fingerprint": "System", "action": "LOAD_DATA", "outcome": "SUCCESS", "endpoint": "", "metadata": {"note":"Loaded devices.json"}}
{"timestamp": 1782069693, "username": "System", "deviceID": "System", "fingerprint": "System", "action": "LOAD_DATA", "outcome": "SUCCESS", "endpoint": "", "metadata": {"note":"Loaded devices.json"}}
{"timestamp": 1782069693, "username": "System", "deviceID": "System", "fingerprint": "System", "action": "SAVE_DATA", "outcome": "SUCCESS", "endpoint": "", "metadata": {"note":"Saving devices"}}
{"timestamp": 1782069693, "username": "System", "deviceID": "System", "fingerprint": "System", "action": "LOAD_DATA", "outcome": "SUCCESS", "endpoint": "", "metadata": {"note":"Loaded devices.json"}}
{"timestamp": 1782069693, "username": "System", "deviceID": "System", "fingerprint": "System", "action": "LOAD_DATA", "outcome": "SUCCESS", "endpoint": "", "metadata": {"note":"Loaded users.json"}}
{"timestamp": 1782069693, "username": "System", "deviceID": "System", "fingerprint": "System", "action": "LOAD_DATA", "outcome": "SUCCESS", "endpoint": "", "metadata": {"note":"Loaded devices.json"}}
{"timestamp": 1782069694, "username": "System", "deviceID": "System", "fingerprint": "System", "action": "LOAD_DATA", "outcome": "SUCCESS", "endpoint": "", "metadata": {"note":"Loaded sessions.json"}}
{"timestamp": 1782069694, "username": "System", "deviceID": "System", "fingerprint": "System", "action": "SAVE_DATA", "outcome": "SUCCESS", "endpoint": "", "metadata": {"note":"Saving sessions"}}
{"timestamp": 1782069694, "username": "System", "deviceID": "System", "fingerprint": "System", "action": "LOAD_DATA", "outcome": "SUCCESS", "endpoint": "", "metadata": {"note":"Loaded sessions.json"}}
{"timestamp": 1782069694, "username": "System", "deviceID": "System", "fingerprint": "System", "action": "LOAD_DATA", "outcome": "SUCCESS", "endpoint": "", "metadata": {"note":"Loaded devices.json"}}
{"timestamp": 1782069694, "username": "System", "deviceID": "System", "fingerprint": "System", "action": "LOAD_DATA", "outcome": "SUCCESS", "endpoint": "", "metadata": {"note":"Loaded devices.json"}}
{"timestamp": 1782069694, "username": "System", "deviceID": "System", "fingerprint": "System", "action": "SAVE_DATA", "outcome": "SUCCESS", "endpoint": "", "metadata": {"note":"Saving devices"}}
{"timestamp": 1782069694, "username": "System", "deviceID": "System", "fingerprint": "System", "action": "LOAD_DATA", "outcome": "SUCCESS", "endpoint": "", "metadata": {"note":"Loaded devices.json"}}
{"timestamp": 1782069694, "username": "System", "deviceID": "System", "fingerprint": "System", "action": "LOAD_DATA", "outcome": "SUCCESS", "endpoint": "", "metadata": {"note":"Loaded users.json"}}
{"timestamp": 1782069694, "username": "System", "deviceID": "System", "fingerprint": "System", "action": "LOAD_DATA", "outcome": "SUCCESS", "endpoint": "", "metadata": {"note":"Loaded sessions.json"}}
{"timestamp": 1782069694, "username": "System", "deviceID": "System", "fingerprint": "System", "action": "SAVE_DATA", "outcome": "SUCCESS", "endpoint": "", "metadata": {"note":"Saving sessions"}}
{"timestamp": 1782069694, "username": "System", "deviceID": "System", "fingerprint": "System", "action": "LOAD_DATA", "outcome": "SUCCESS", "endpoint": "", "metadata": {"note":"Loaded sessions.json"}}
{"timestamp": 1782069694, "username": "System", "deviceID": "System", "fingerprint": "System", "action": "LOAD_DATA", "outcome": "SUCCESS", "endpoint": "", "metadata": {"note":"Loaded devices.json"}}
{"timestamp": 1782069694, "username": "System", "deviceID": "System", "fingerprint": "System", "action": "LOAD_DATA", "outcome": "SUCCESS", "endpoint": "", "metadata": {"note":"Loaded devices.json"}}
{"timestamp": 1782069694, "username": "System", "deviceID": "System", "fingerprint": "System", "action": "SAVE_DATA", "outcome": "SUCCESS", "endpoint": "", "metadata": {"note":"Saving devices"}}
{"timestamp": 1782069694, "username": "System", "deviceID": "System", "fingerprint": "System", "action": "LOAD_DATA", "outcome": "SUCCESS", "endpoint": "", "metadata": {"note":"Loaded sessions.json"}}
{"timestamp": 1782069694, "username": "System", "deviceID": "System", "fingerprint": "System", "action": "SAVE_DATA", "outcome": "SUCCESS", "endpoint": "", "metadata": {"note":"Saving sessions"}}
{"timestamp": 1782069694, "username": "System", "deviceID": "System", "fingerprint": "System", "action": "LOAD_DATA", "outcome": "SUCCESS", "endpoint": "", "metadata": {"note":"Loaded devices.json"}}
{"timestamp": 1782069694, "username": "System", "deviceID": "System", "fingerprint": "System", "action": "LOAD_DATA", "outcome": "SUCCESS", "endpoint": "", "metadata": {"note":"Loaded users.json"}}
{"timestamp": 1782069694, "username": "System", "deviceID": "System", "fingerprint": "System", "action": "LOAD_DATA", "outcome": "SUCCESS", "endpoint": "", "metadata": {"note":"Loaded devices.json"}}
{"timestamp": 1782069694, "username": "System", "deviceID": "System", "fingerprint": "System", "action": "LOAD_DATA", "outcome": "SUCCESS", "endpoint": "", "metadata": {"note":"Loaded sessions.json"}}
{"timestamp": 1782069694, "username": "System", "deviceID": "System", "fingerprint": "System", "action": "LOAD_DATA", "outcome": "SUCCESS", "endpoint": "", "metadata": {"note":"Loaded devices.json"}}
{"timestamp": 1782069694, "username": "System", "deviceID": "System", "fingerprint": "System", "action": "LOAD_DATA", "outcome": "SUCCESS", "endpoint": "", "metadata": {"note":"Loaded devices.json"}}
{"timestamp": 1782069694, "username": "System", "deviceID": "System", "fingerprint": "System", "action": "SAVE_DATA", "outcome": "SUCCESS", "endpoint": "", "metadata": {"note":"Saving devices"}}
{"timestamp": 1782069694, "username": "System", "deviceID": "System", "fingerprint": "System", "action": "LOAD_DATA", "outcome": "SUCCESS", "endpoint": "", "metadata": {"note":"Loaded devices.json"}}
{"timestamp": 1782069694, "username": "System", "deviceID": "System", "fingerprint": "System", "action": "LOAD_DATA", "outcome": "SUCCESS", "endpoint": "", "metadata": {"note":"Loaded users.json"}}
{"timestamp": 1782069694, "username": "System", "deviceID": "System", "fingerprint": "System", "action": "LOAD_DATA", "outcome": "SUCCESS", "endpoint": "", "metadata": {"note":"Loaded devices.json"}}
{"timestamp": 1782069696, "username": "System", "deviceID": "System", "fingerprint": "System", "action": "LOAD_DATA", "outcome": "SUCCESS", "endpoint": "", "metadata": {"note":"Loaded sessions.json"}}
{"timestamp": 1782069696, "username": "System", "deviceID": "System", "fingerprint": "System", "action": "SAVE_DATA", "outcome": "SUCCESS", "endpoint": "", "metadata": {"note":"Saving sessions"}}
{"timestamp": 1782069696, "username": "System", "deviceID": "System", "fingerprint": "System", "action": "LOAD_DATA", "outcome": "SUCCESS", "endpoint": "", "metadata": {"note":"Loaded sessions.json"}}
{"timestamp": 1782069696, "username": "System", "deviceID": "System", "fingerprint": "System", "action": "LOAD_DATA", "outcome": "SUCCESS", "endpoint": "", "metadata": {"note":"Loaded devices.json"}}
{"timestamp": 1782069696, "username": "System", "deviceID": "System", "fingerprint": "System", "action": "LOAD_DATA", "outcome": "SUCCESS", "endpoint": "", "metadata": {"note":"Loaded devices.json"}}
{"timestamp": 1782069696, "username": "System", "deviceID": "System", "fingerprint": "System", "action": "SAVE_DATA", "outcome": "SUCCESS", "endpoint": "", "metadata": {"note":"Saving devices"}}
{"timestamp": 1782069696, "username": "System", "deviceID": "System", "fingerprint": "System", "action": "LOAD_DATA", "outcome": "SUCCESS", "endpoint": "", "metadata": {"note":"Loaded devices.json"}}
{"timestamp": 1782069696, "username": "System", "deviceID": "System", "fingerprint": "System", "action": "LOAD_DATA", "outcome": "SUCCESS", "endpoint": "", "metadata": {"note":"Loaded users.json"}}
{"timestamp": 1782069697, "username": "System", "deviceID": "System", "fingerprint": "System", "action": "LOAD_DATA", "outcome": "SUCCESS", "endpoint": "", "metadata": {"note":"Loaded sessions.json"}}
{"timestamp": 1782069697, "username": "System", "deviceID": "System", "fingerprint": "System", "action": "SAVE_DATA", "outcome": "SUCCESS", "endpoint": "", "metadata": {"note":"Saving sessions"}}
{"timestamp": 1782069697, "username": "System", "deviceID": "System", "fingerprint": "System", "action": "LOAD_DATA", "outcome": "SUCCESS", "endpoint": "", "metadata": {"note":"Loaded sessions.json"}}
{"timestamp": 1782069697, "username": "System", "deviceID": "System", "fingerprint": "System", "action": "LOAD_DATA", "outcome": "SUCCESS", "endpoint": "", "metadata": {"note":"Loaded devices.json"}}
{"timestamp": 1782069697, "username": "System", "deviceID": "System", "fingerprint": "System", "action": "LOAD_DATA", "outcome": "SUCCESS", "endpoint": "", "metadata": {"note":"Loaded devices.json"}}
{"timestamp": 1782069697, "username": "System", "deviceID": "System", "fingerprint": "System", "action": "SAVE_DATA", "outcome": "SUCCESS", "endpoint": "", "metadata": {"note":"Saving devices"}}
{"timestamp": 1782069697, "username": "System", "deviceID": "System", "fingerprint": "System", "action": "LOAD_DATA", "outcome": "SUCCESS", "endpoint": "", "metadata": {"note":"Loaded devices.json"}}
{"timestamp": 1782069697, "username": "System", "deviceID": "System", "fingerprint": "System", "action": "LOAD_DATA", "outcome": "SUCCESS", "endpoint": "", "metadata": {"note":"Loaded users.json"}}
{"timestamp": 1782069697, "username": "System", "deviceID": "System", "fingerprint": "System", "action": "LOAD_DATA", "outcome": "SUCCESS", "endpoint": "", "metadata": {"note":"Loaded devices.json"}}
{"timestamp": 1782069697, "username": "System", "deviceID": "System", "fingerprint": "System", "action": "LOAD_DATA", "outcome": "SUCCESS", "endpoint": "", "metadata": {"note":"Loaded sessions.json"}}
{"timestamp": 1782069697, "username": "System", "deviceID": "System", "fingerprint": "System", "action": "SAVE_DATA", "outcome": "SUCCESS", "endpoint": "", "metadata": {"note":"Saving sessions"}}
{"timestamp": 1782069697, "username": "System", "deviceID": "System", "fingerprint": "System", "action": "LOAD_DATA", "outcome": "SUCCESS", "endpoint": "", "metadata": {"note":"Loaded sessions.json"}}
{"timestamp": 1782069697, "username": "System", "deviceID": "System", "fingerprint": "System", "action": "LOAD_DATA", "outcome": "SUCCESS", "endpoint": "", "metadata": {"note":"Loaded devices.json"}}
{"timestamp": 1782069697, "username": "System", "deviceID": "System", "fingerprint": "System", "action": "LOAD_DATA", "outcome": "SUCCESS", "endpoint": "", "metadata": {"note":"Loaded devices.json"}}
{"timestamp": 1782069697, "username": "System", "deviceID": "System", "fingerprint": "System", "action": "SAVE_DATA", "outcome": "SUCCESS", "endpoint": "", "metadata": {"note":"Saving devices"}}
{"timestamp": 1782069697, "username": "System", "deviceID": "System", "fingerprint": "System", "action": "LOAD_DATA", "outcome": "SUCCESS", "endpoint": "", "metadata": {"note":"Loaded devices.json"}}
{"timestamp": 1782069697, "username": "System", "deviceID": "System", "fingerprint": "System", "action": "LOAD_DATA", "outcome": "SUCCESS", "endpoint": "", "metadata": {"note":"Loaded users.json"}}
{"timestamp": 1782069697, "username": "System", "deviceID": "System", "fingerprint": "System", "action": "LOAD_DATA", "outcome": "SUCCESS", "endpoint": "", "metadata": {"note":"Loaded users.json"}}
{"timestamp": 1782069697, "username": "System", "deviceID": "System", "fingerprint": "System", "action": "LOAD_DATA", "outcome": "SUCCESS", "endpoint": "", "metadata": {"note":"Loaded devices.json"}}
{"timestamp": 1782069700, "username": "System", "deviceID": "System", "fingerprint": "System", "action": "LOAD_DATA", "outcome": "SUCCESS", "endpoint": "", "metadata": {"note":"Loaded sessions.json"}}
{"timestamp": 1782069700, "username": "System", "deviceID": "System", "fingerprint": "System", "action": "SAVE_DATA", "outcome": "SUCCESS", "endpoint": "", "metadata": {"note":"Saving sessions"}}
{"timestamp": 1782069700, "username": "System", "deviceID": "System", "fingerprint": "System", "action": "LOAD_DATA", "outcome": "SUCCESS", "endpoint": "", "metadata": {"note":"Loaded sessions.json"}}
{"timestamp": 1782069700, "username": "System", "deviceID": "System", "fingerprint": "System", "action": "LOAD_DATA", "outcome": "SUCCESS", "endpoint": "", "metadata": {"note":"Loaded devices.json"}}
{"timestamp": 1782069700, "username": "System", "deviceID": "System", "fingerprint": "System", "action": "LOAD_DATA", "outcome": "SUCCESS", "endpoint": "", "metadata": {"note":"Loaded devices.json"}}
{"timestamp": 1782069700, "username": "System", "deviceID": "System", "fingerprint": "System", "action": "SAVE_DATA", "outcome": "SUCCESS", "endpoint": "", "metadata": {"note":"Saving devices"}}
{"timestamp": 1782069700, "username": "System", "deviceID": "System", "fingerprint": "System", "action": "LOAD_DATA", "outcome": "SUCCESS", "endpoint": "", "metadata": {"note":"Loaded devices.json"}}
{"timestamp": 1782069700, "username": "System", "deviceID": "System", "fingerprint": "System", "action": "LOAD_DATA", "outcome": "SUCCESS", "endpoint": "", "metadata": {"note":"Loaded users.json"}}
{"timestamp": 1782069700, "username": "System", "deviceID": "System", "fingerprint": "System", "action": "LOAD_DATA", "outcome": "SUCCESS", "endpoint": "", "metadata": {"note":"Loaded sessions.json"}}
{"timestamp": 1782069700, "username": "System", "deviceID": "System", "fingerprint": "System", "action": "SAVE_DATA", "outcome": "SUCCESS", "endpoint": "", "metadata": {"note":"Saving sessions"}}
{"timestamp": 1782069700, "username": "System", "deviceID": "System", "fingerprint": "System", "action": "LOAD_DATA", "outcome": "SUCCESS", "endpoint": "", "metadata": {"note":"Loaded sessions.json"}}
{"timestamp": 1782069700, "username": "System", "deviceID": "System", "fingerprint": "System", "action": "LOAD_DATA", "outcome": "SUCCESS", "endpoint": "", "metadata": {"note":"Loaded devices.json"}}
{"timestamp": 1782069700, "username": "System", "deviceID": "System", "fingerprint": "System", "action": "LOAD_DATA", "outcome": "SUCCESS", "endpoint": "", "metadata": {"note":"Loaded devices.json"}}
{"timestamp": 1782069700, "username": "System", "deviceID": "System", "fingerprint": "System", "action": "SAVE_DATA", "outcome": "SUCCESS", "endpoint": "", "metadata": {"note":"Saving devices"}}
{"timestamp": 1782069700, "username": "System", "deviceID": "System", "fingerprint": "System", "action": "LOAD_DATA", "outcome": "SUCCESS", "endpoint": "", "metadata": {"note":"Loaded devices.json"}}
{"timestamp": 1782069700, "username": "System", "deviceID": "System", "fingerprint": "System", "action": "LOAD_DATA", "outcome": "SUCCESS", "endpoint": "", "metadata": {"note":"Loaded users.json"}}
{"timestamp": 1782069700, "username": "System", "deviceID": "System", "fingerprint": "System", "action": "LOAD_DATA", "outcome": "SUCCESS", "endpoint": "", "metadata": {"note":"Loaded devices.json"}}
{"timestamp": 1782069700, "username": "System", "deviceID": "System", "fingerprint": "System", "action": "LOAD_DATA", "outcome": "SUCCESS", "endpoint": "", "metadata": {"note":"Loaded sessions.json"}}
{"timestamp": 1782069700, "username": "System", "deviceID": "System", "fingerprint": "System", "action": "SAVE_DATA", "outcome": "SUCCESS", "endpoint": "", "metadata": {"note":"Saving sessions"}}
{"timestamp": 1782069700, "username": "System", "deviceID": "System", "fingerprint": "System", "action": "LOAD_DATA", "outcome": "SUCCESS", "endpoint": "", "metadata": {"note":"Loaded sessions.json"}}
{"timestamp": 1782069700, "username": "System", "deviceID": "System", "fingerprint": "System", "action": "LOAD_DATA", "outcome": "SUCCESS", "endpoint": "", "metadata": {"note":"Loaded devices.json"}}
{"timestamp": 1782069700, "username": "System", "deviceID": "System", "fingerprint": "System", "action": "LOAD_DATA", "outcome": "SUCCESS", "endpoint": "", "metadata": {"note":"Loaded devices.json"}}
{"timestamp": 1782069700, "username": "System", "deviceID": "System", "fingerprint": "System", "action": "SAVE_DATA", "outcome": "SUCCESS", "endpoint": "", "metadata": {"note":"Saving devices"}}
{"timestamp": 1782069700, "username": "System", "deviceID": "System", "fingerprint": "System", "action": "LOAD_DATA", "outcome": "SUCCESS", "endpoint": "", "metadata": {"note":"Loaded devices.json"}}
{"timestamp": 1782069700, "username": "System", "deviceID": "System", "fingerprint": "System", "action": "LOAD_DATA", "outcome": "SUCCESS", "endpoint": "", "metadata": {"note":"Loaded users.json"}}
{"timestamp": 1782069705, "username": "System", "deviceID": "System", "fingerprint": "System", "action": "LOAD_DATA", "outcome": "SUCCESS", "endpoint": "", "metadata": {"note":"Loaded sessions.json"}}
{"timestamp": 1782069705, "username": "System", "deviceID": "System", "fingerprint": "System", "action": "SAVE_DATA", "outcome": "SUCCESS", "endpoint": "", "metadata": {"note":"Saving sessions"}}
{"timestamp": 1782069705, "username": "System", "deviceID": "System", "fingerprint": "System", "action": "LOAD_DATA", "outcome": "SUCCESS", "endpoint": "", "metadata": {"note":"Loaded devices.json"}}
{"timestamp": 1782069705, "username": "admin", "deviceID": "", "fingerprint": "SHA256:47:b0:cf:22:0a:16:b3:41:c7:a6:49:ee:e6:eb:31:41:c1:20:7d:66:a1:36:ac:88:73:92:f2:05:86:93:9b:58", "action": "NAVIGATE_ENDPOINT", "outcome": "SUCCESS", "endpoint": "/login", "metadata": {"requestMethod":"GET","requestURL":"/login","userAgent":"Mozilla/5.0 (X11; Linux x86_64; rv:150.0) Gecko/20100101 Firefox/150.0"}}
